mode: set
github.com/andriiyaremenko/decorator/decorator.go:15.56,17.16 2 1
github.com/andriiyaremenko/decorator/decorator.go:17.16,18.13 1 1
github.com/andriiyaremenko/decorator/decorator.go:21.2,21.13 1 1
github.com/andriiyaremenko/decorator/decorator.go:24.61,27.30 3 1
github.com/andriiyaremenko/decorator/decorator.go:27.30,29.3 1 1
github.com/andriiyaremenko/decorator/decorator.go:31.2,32.9 2 1
github.com/andriiyaremenko/decorator/decorator.go:32.9,34.3 1 1
github.com/andriiyaremenko/decorator/decorator.go:36.2,38.9 2 1
github.com/andriiyaremenko/decorator/decorator.go:38.9,41.32 1 1
github.com/andriiyaremenko/decorator/decorator.go:41.32,41.47 1 0
github.com/andriiyaremenko/decorator/decorator.go:46.2,46.44 1 1
github.com/andriiyaremenko/decorator/option.go:10.81,11.41 1 1
github.com/andriiyaremenko/decorator/option.go:11.41,13.31 2 1
github.com/andriiyaremenko/decorator/option.go:13.31,15.4 1 1
github.com/andriiyaremenko/decorator/option.go:17.3,18.32 2 1
github.com/andriiyaremenko/decorator/option.go:18.32,20.4 1 1
github.com/andriiyaremenko/decorator/option.go:22.3,24.13 2 1
github.com/andriiyaremenko/decorator/scene.go:3.79,5.38 2 1
github.com/andriiyaremenko/decorator/scene.go:5.38,7.3 1 1
github.com/andriiyaremenko/decorator/scene.go:9.2,9.25 1 1
github.com/andriiyaremenko/decorator/scene.go:9.25,10.37 1 1
github.com/andriiyaremenko/decorator/scene.go:10.37,12.4 1 1
github.com/andriiyaremenko/decorator/scene.go:15.2,15.49 1 1
github.com/andriiyaremenko/decorator/scene.go:23.30,23.31 0 0
github.com/andriiyaremenko/decorator/scene.go:25.26,27.2 1 1
github.com/andriiyaremenko/decorator/scene.go:29.53,32.2 2 1
